0 info it worked if it ends with ok
1 verbose cli [ '/usr/local/bin/node', '/usr/local/bin/npm', 'run', 'deploy' ]
2 info using npm@3.3.12
3 info using node@v5.2.0
4 verbose run-script [ 'predeploy', 'deploy', 'postdeploy' ]
5 info lifecycle eastohco@1.0.0~predeploy: eastohco@1.0.0
6 silly lifecycle eastohco@1.0.0~predeploy: no script for predeploy, continuing
7 info lifecycle eastohco@1.0.0~deploy: eastohco@1.0.0
8 verbose lifecycle eastohco@1.0.0~deploy: unsafe-perm in lifecycle true
9 verbose lifecycle eastohco@1.0.0~deploy: PATH: /usr/local/lib/node_modules/npm/bin/node-gyp-bin:/Users/Eric/Desktop/Desktop/projects/eastohco/node_modules/.bin:/Users/Eric/.composer/vendor/bin:/Applications/MAMP/bin/php/php5.5.14/bin:/Applications/Postgres.app/Contents/Versions/9.4/bin:/Library/Java/JavaVirtualMachines/jdk1.8.0_20.jdk/Contents/Home/bin:/opt/maven3/bin:/opt/grails/bin:/usr/local/bin:/usr/bin:/bin:/usr/sbin:/sbin:/opt/X11/bin:/usr/local/go/bin
10 verbose lifecycle eastohco@1.0.0~deploy: CWD: /Users/Eric/Desktop/Desktop/projects/eastohco
11 silly lifecycle eastohco@1.0.0~deploy: Args: [ '-c', 'sudo ./deploy.sh' ]
12 silly lifecycle eastohco@1.0.0~deploy: Returned: code: 1  signal: null
13 info lifecycle eastohco@1.0.0~deploy: Failed to exec deploy script
14 verbose stack Error: eastohco@1.0.0 deploy: `sudo ./deploy.sh`
14 verbose stack Exit status 1
14 verbose stack     at EventEmitter.<anonymous> (/usr/local/lib/node_modules/npm/lib/utils/lifecycle.js:232:16)
14 verbose stack     at emitTwo (events.js:88:13)
14 verbose stack     at EventEmitter.emit (events.js:173:7)
14 verbose stack     at ChildProcess.<anonymous> (/usr/local/lib/node_modules/npm/lib/utils/spawn.js:24:14)
14 verbose stack     at emitTwo (events.js:88:13)
14 verbose stack     at ChildProcess.emit (events.js:173:7)
14 verbose stack     at maybeClose (internal/child_process.js:819:16)
14 verbose stack     at Process.ChildProcess._handle.onexit (internal/child_process.js:212:5)
15 verbose pkgid eastohco@1.0.0
16 verbose cwd /Users/Eric/Desktop/Desktop/projects/eastohco
17 error Darwin 14.5.0
18 error argv "/usr/local/bin/node" "/usr/local/bin/npm" "run" "deploy"
19 error node v5.2.0
20 error npm  v3.3.12
21 error code ELIFECYCLE
22 error eastohco@1.0.0 deploy: `sudo ./deploy.sh`
22 error Exit status 1
23 error Failed at the eastohco@1.0.0 deploy script 'sudo ./deploy.sh'.
23 error Make sure you have the latest version of node.js and npm installed.
23 error If you do, this is most likely a problem with the eastohco package,
23 error not with npm itself.
23 error Tell the author that this fails on your system:
23 error     sudo ./deploy.sh
23 error You can get their info via:
23 error     npm owner ls eastohco
23 error There is likely additional logging output above.
24 verbose exit [ 1, true ]
